[debug] [2022-10-09T13:06:24.400Z] ----------------------------------------------------------------------
[debug] [2022-10-09T13:06:24.403Z] Command:       C:\Program Files\nodejs\node.exe C:\Users\OUMAIMA\AppData\Roaming\npm\node_modules\firebase-tools\lib\bin\firebase.js init
[debug] [2022-10-09T13:06:24.403Z] CLI Version:   11.14.1
[debug] [2022-10-09T13:06:24.403Z] Platform:      win32
[debug] [2022-10-09T13:06:24.404Z] Node Version:  v16.13.2
[debug] [2022-10-09T13:06:24.405Z] Time:          Sun Oct 09 2022 15:06:24 GMT+0200 (heure d’été d’Europe centrale)
[debug] [2022-10-09T13:06:24.405Z] ----------------------------------------------------------------------
[debug] 
[debug] [2022-10-09T13:06:24.409Z] >>> [apiv2][query] GET https://firebase-public.firebaseio.com/cli.json [none]
[debug] [2022-10-09T13:06:24.434Z] > command requires scopes: ["email","openid","https://www.googleapis.com/auth/cloudplatformprojects.readonly","https://www.googleapis.com/auth/firebase","https://www.googleapis.com/auth/cloud-platform"]
[debug] [2022-10-09T13:06:24.434Z] > authorizing via signed-in user (kadrioumayma57@gmail.com)
[info] 
     ######## #### ########  ######## ########     ###     ######  ########
     ##        ##  ##     ## ##       ##     ##  ##   ##  ##       ##
     ######    ##  ########  ######   ########  #########  ######  ######
     ##        ##  ##    ##  ##       ##     ## ##     ##       ## ##
     ##       #### ##     ## ######## ########  ##     ##  ######  ########

You're about to initialize a Firebase project in this directory:

  E:\Projet Fin Etude MP2GL\medzone git\medzone_server

[debug] [2022-10-09T13:06:25.201Z] <<< [apiv2][status] GET https://firebase-public.firebaseio.com/cli.json 200
[debug] [2022-10-09T13:06:25.202Z] <<< [apiv2][body] GET https://firebase-public.firebaseio.com/cli.json {"cloudBuildErrorAfter":1594252800000,"cloudBuildWarnAfter":1590019200000,"defaultNode10After":1594252800000,"minVersion":"3.0.5","node8DeploysDisabledAfter":1613390400000,"node8RuntimeDisabledAfter":1615809600000,"node8WarnAfter":1600128000000}
[info] 
=== Project Setup
[info] 
[info] First, let's associate this project directory with a Firebase project.
[info] You can create multiple project aliases by running firebase use --add, 
[info] but for now we'll just set up a default project.
[info] 
[debug] [2022-10-09T13:08:19.797Z] >>> [apiv2][query] GET https://firebase.googleapis.com/v1beta1/projects pageSize=100
[debug] [2022-10-09T13:08:20.686Z] <<< [apiv2][status] GET https://firebase.googleapis.com/v1beta1/projects 200
[debug] [2022-10-09T13:08:20.687Z] <<< [apiv2][body] GET https://firebase.googleapis.com/v1beta1/projects [omitted]
[info] i  Using project meddicomserver (meddicomserver) 
[info] 
=== Hosting Setup
[info] 
[info] Your public directory is the folder (relative to your project directory) that
[info] will contain Hosting assets to be uploaded with firebase deploy. If you
[info] have a build process for your assets, use your build's output directory.
[info] 
