[debug] [2022-10-26T15:59:07.735Z] ----------------------------------------------------------------------
[debug] [2022-10-26T15:59:07.739Z] Command:       C:\Program Files\nodejs\node.exe C:\Users\OUMAIMA\AppData\Roaming\npm\node_modules\firebase-tools\lib\bin\firebase.js login
[debug] [2022-10-26T15:59:07.739Z] CLI Version:   11.14.1
[debug] [2022-10-26T15:59:07.739Z] Platform:      win32
[debug] [2022-10-26T15:59:07.740Z] Node Version:  v16.13.2
[debug] [2022-10-26T15:59:07.850Z] Time:          Wed Oct 26 2022 17:59:07 GMT+0200 (heure d’été d’Europe centrale)
[debug] [2022-10-26T15:59:07.852Z] ----------------------------------------------------------------------
[debug] 
[debug] [2022-10-26T15:59:07.878Z] >>> [apiv2][query] GET https://firebase-public.firebaseio.com/cli.json [none]
[info] Already logged in as kadrioumayma57@gmail.com
[debug] [2022-10-26T15:59:16.521Z] <<< [apiv2][status] GET https://firebase-public.firebaseio.com/cli.json 200
[debug] [2022-10-26T15:59:16.522Z] <<< [apiv2][body] GET https://firebase-public.firebaseio.com/cli.json {"cloudBuildErrorAfter":1594252800000,"cloudBuildWarnAfter":1590019200000,"defaultNode10After":1594252800000,"minVersion":"3.0.5","node8DeploysDisabledAfter":1613390400000,"node8RuntimeDisabledAfter":1615809600000,"node8WarnAfter":1600128000000}
[debug] [2022-10-26T15:59:16.628Z] Error: Timed out.
    at Timeout.<anonymous> (C:\Users\OUMAIMA\AppData\Roaming\npm\node_modules\firebase-tools\lib\utils.js:253:49)
    at listOnTimeout (node:internal/timers:557:17)
    at processTimers (node:internal/timers:500:7)
[error] 
[error] Error: An unexpected error has occurred.
[debug] [2022-10-26T15:59:31.843Z] ----------------------------------------------------------------------
[debug] [2022-10-26T15:59:31.846Z] Command:       C:\Program Files\nodejs\node.exe C:\Users\OUMAIMA\AppData\Roaming\npm\node_modules\firebase-tools\lib\bin\firebase.js init
[debug] [2022-10-26T15:59:31.847Z] CLI Version:   11.14.1
[debug] [2022-10-26T15:59:31.847Z] Platform:      win32
[debug] [2022-10-26T15:59:31.847Z] Node Version:  v16.13.2
[debug] [2022-10-26T15:59:31.848Z] Time:          Wed Oct 26 2022 17:59:31 GMT+0200 (heure d’été d’Europe centrale)
[debug] [2022-10-26T15:59:31.849Z] ----------------------------------------------------------------------
[debug] 
[debug] [2022-10-26T15:59:31.936Z] > command requires scopes: ["email","openid","https://www.googleapis.com/auth/cloudplatformprojects.readonly","https://www.googleapis.com/auth/firebase","https://www.googleapis.com/auth/cloud-platform"]
[debug] [2022-10-26T15:59:31.936Z] > authorizing via signed-in user (kadrioumayma57@gmail.com)
[info] 
     ######## #### ########  ######## ########     ###     ######  ########
     ##        ##  ##     ## ##       ##     ##  ##   ##  ##       ##
     ######    ##  ########  ######   ########  #########  ######  ######
     ##        ##  ##    ##  ##       ##     ## ##     ##       ## ##
     ##       #### ##     ## ######## ########  ##     ##  ######  ########

You're about to initialize a Firebase project in this directory:

  E:\Projet Fin Etude MP2GL\medzone git\medzone_front

Before we get started, keep in mind:

  * You are initializing within an existing Firebase project directory

[debug] [2022-10-26T15:59:57.081Z] Error: Timed out.
    at Timeout._onTimeout (C:\Users\OUMAIMA\AppData\Roaming\npm\node_modules\firebase-tools\lib\utils.js:253:49)
    at listOnTimeout (node:internal/timers:557:17)
    at processTimers (node:internal/timers:500:7)
[error] 
[error] Error: An unexpected error has occurred.
